<?xml version="1.0" encoding="UTF-8"?>
<testsuite xmlns:xsi="http://www.w3.org/2001/XMLSchema-instance" xsi:noNamespaceSchemaLocation="https://maven.apache.org/surefire/maven-surefire-plugin/xsd/surefire-test-report.xsd" name="TestSuite" time="53.994" tests="1" errors="0" skipped="0" failures="0">
  <properties>
    <property name="sun.desktop" value="windows"/>
    <property name="awt.toolkit" value="sun.awt.windows.WToolkit"/>
    <property name="java.specification.version" value="9"/>
    <property name="file.encoding.pkg" value="sun.io"/>
    <property name="sun.cpu.isalist" value="amd64"/>
    <property name="sun.jnu.encoding" value="Cp1252"/>
    <property name="java.class.path" value="C:\Users\rama.chinthareddy\test\Rama\GermainApm\target\test-classes;C:\Users\rama.chinthareddy\test\Rama\GermainApm\target\classes;C:\Users\rama.chinthareddy\.m2\repository\com\jcraft\jsch\0.1.54\jsch-0.1.54.jar;C:\Users\rama.chinthareddy\.m2\repository\com\mashape\unirest\unirest-java\1.4.9\unirest-java-1.4.9.jar;C:\Users\rama.chinthareddy\.m2\repository\org\apache\httpcomponents\httpclient\4.5.2\httpclient-4.5.2.jar;C:\Users\rama.chinthareddy\.m2\repository\org\apache\httpcomponents\httpasyncclient\4.1.1\httpasyncclient-4.1.1.jar;C:\Users\rama.chinthareddy\.m2\repository\org\apache\httpcomponents\httpcore-nio\4.4.4\httpcore-nio-4.4.4.jar;C:\Users\rama.chinthareddy\.m2\repository\org\apache\httpcomponents\httpmime\4.5.2\httpmime-4.5.2.jar;C:\Users\rama.chinthareddy\.m2\repository\Selenium\standalone\3.4.0\standalone-3.4.0.jar;C:\Users\rama.chinthareddy\.m2\repository\org\seleniumhq\selenium\selenium-support\3.4.0\selenium-support-3.4.0.jar;C:\Users\rama.chinthareddy\.m2\repository\org\seleniumhq\selenium\selenium-api\3.4.0\selenium-api-3.4.0.jar;C:\Users\rama.chinthareddy\.m2\repository\cglib\cglib-nodep\3.2.4\cglib-nodep-3.2.4.jar;C:\Users\rama.chinthareddy\.m2\repository\org\apache\commons\commons-exec\1.3\commons-exec-1.3.jar;C:\Users\rama.chinthareddy\.m2\repository\commons-codec\commons-codec\1.10\commons-codec-1.10.jar;C:\Users\rama.chinthareddy\.m2\repository\com\google\code\gson\gson\2.8.0\gson-2.8.0.jar;C:\Users\rama.chinthareddy\.m2\repository\com\google\guava\guava\21.0\guava-21.0.jar;C:\Users\rama.chinthareddy\.m2\repository\org\hamcrest\hamcrest-core\1.3\hamcrest-core-1.3.jar;C:\Users\rama.chinthareddy\.m2\repository\org\apache\httpcomponents\httpcore\4.4.6\httpcore-4.4.6.jar;C:\Users\rama.chinthareddy\.m2\repository\net\java\dev\jna\jna-platform\4.1.0\jna-platform-4.1.0.jar;C:\Users\rama.chinthareddy\.m2\repository\junit\junit\4.12\junit-4.12.jar;C:\Users\rama.chinthareddy\.m2\repository\io\appium\java-client\3.2.0\java-client-3.2.0.jar;C:\Users\rama.chinthareddy\.m2\repository\cglib\cglib\3.1\cglib-3.1.jar;C:\Users\rama.chinthareddy\.m2\repository\org\ow2\asm\asm\4.2\asm-4.2.jar;C:\Users\rama.chinthareddy\.m2\repository\ZenQJars\decoder\1.0\decoder-1.0.jar;C:\Users\rama.chinthareddy\.m2\repository\ZenQJars\robotil\1.10\robotil-1.10.jar;C:\Users\rama.chinthareddy\.m2\repository\ZenQJars\xeger\1.0\xeger-1.0.jar;C:\Users\rama.chinthareddy\.m2\repository\ZenQJars\reportNg\1.1.4\reportNg-1.1.4.jar;C:\Users\rama.chinthareddy\.m2\repository\ZenQJars\fillo\1.6\fillo-1.6.jar;C:\Users\rama.chinthareddy\.m2\repository\ZenQJars\log4j\1.2.17\log4j-1.2.17.jar;C:\Users\rama.chinthareddy\.m2\repository\org\testng\testng\6.10\testng-6.10.jar;C:\Users\rama.chinthareddy\.m2\repository\com\beust\jcommander\1.48\jcommander-1.48.jar;C:\Users\rama.chinthareddy\.m2\repository\org\seleniumhq\selenium\selenium-java\3.4.0\selenium-java-3.4.0.jar;C:\Users\rama.chinthareddy\.m2\repository\org\seleniumhq\selenium\selenium-chrome-driver\3.4.0\selenium-chrome-driver-3.4.0.jar;C:\Users\rama.chinthareddy\.m2\repository\org\seleniumhq\selenium\selenium-edge-driver\3.4.0\selenium-edge-driver-3.4.0.jar;C:\Users\rama.chinthareddy\.m2\repository\org\seleniumhq\selenium\selenium-firefox-driver\3.4.0\selenium-firefox-driver-3.4.0.jar;C:\Users\rama.chinthareddy\.m2\repository\org\seleniumhq\selenium\selenium-ie-driver\3.4.0\selenium-ie-driver-3.4.0.jar;C:\Users\rama.chinthareddy\.m2\repository\org\seleniumhq\selenium\selenium-opera-driver\3.4.0\selenium-opera-driver-3.4.0.jar;C:\Users\rama.chinthareddy\.m2\repository\org\seleniumhq\selenium\selenium-safari-driver\3.4.0\selenium-safari-driver-3.4.0.jar;C:\Users\rama.chinthareddy\.m2\repository\org\apache\commons\commons-lang3\3.5\commons-lang3-3.5.jar;C:\Users\rama.chinthareddy\.m2\repository\org\w3c\css\sac\1.3\sac-1.3.jar;C:\Users\rama.chinthareddy\.m2\repository\net\sourceforge\cssparser\cssparser\0.9.22\cssparser-0.9.22.jar;C:\Users\rama.chinthareddy\.m2\repository\net\sourceforge\htmlunit\htmlunit\2.26\htmlunit-2.26.jar;C:\Users\rama.chinthareddy\.m2\repository\net\sourceforge\htmlunit\htmlunit-core-js\2.26\htmlunit-core-js-2.26.jar;C:\Users\rama.chinthareddy\.m2\repository\net\sourceforge\htmlunit\neko-htmlunit\2.25\neko-htmlunit-2.25.jar;C:\Users\rama.chinthareddy\.m2\repository\org\eclipse\jetty\jetty-io\9.4.1.v20170120\jetty-io-9.4.1.v20170120.jar;C:\Users\rama.chinthareddy\.m2\repository\org\eclipse\jetty\jetty-util\9.4.1.v20170120\jetty-util-9.4.1.v20170120.jar;C:\Users\rama.chinthareddy\.m2\repository\com\codeborne\phantomjsdriver\1.4.0\phantomjsdriver-1.4.0.jar;C:\Users\rama.chinthareddy\.m2\repository\org\seleniumhq\selenium\htmlunit-driver\2.26\htmlunit-driver-2.26.jar;C:\Users\rama.chinthareddy\.m2\repository\javax\servlet\javax.servlet-api\3.1.0\javax.servlet-api-3.1.0.jar;C:\Users\rama.chinthareddy\.m2\repository\org\eclipse\jetty\websocket\websocket-api\9.4.3.v20170317\websocket-api-9.4.3.v20170317.jar;C:\Users\rama.chinthareddy\.m2\repository\org\eclipse\jetty\websocket\websocket-client\9.4.3.v20170317\websocket-client-9.4.3.v20170317.jar;C:\Users\rama.chinthareddy\.m2\repository\org\eclipse\jetty\jetty-client\9.4.3.v20170317\jetty-client-9.4.3.v20170317.jar;C:\Users\rama.chinthareddy\.m2\repository\org\eclipse\jetty\jetty-http\9.4.3.v20170317\jetty-http-9.4.3.v20170317.jar;C:\Users\rama.chinthareddy\.m2\repository\org\eclipse\jetty\websocket\websocket-common\9.4.3.v20170317\websocket-common-9.4.3.v20170317.jar;C:\Users\rama.chinthareddy\.m2\repository\xalan\serializer\2.7.2\serializer-2.7.2.jar;C:\Users\rama.chinthareddy\.m2\repository\xalan\xalan\2.7.2\xalan-2.7.2.jar;C:\Users\rama.chinthareddy\.m2\repository\xerces\xercesImpl\2.11.0\xercesImpl-2.11.0.jar;C:\Users\rama.chinthareddy\.m2\repository\xml-apis\xml-apis\1.4.01\xml-apis-1.4.01.jar;C:\Users\rama.chinthareddy\.m2\repository\org\seleniumhq\selenium\selenium-server\3.4.0\selenium-server-3.4.0.jar;C:\Users\rama.chinthareddy\.m2\repository\net\jcip\jcip-annotations\1.0\jcip-annotations-1.0.jar;C:\Users\rama.chinthareddy\.m2\repository\org\seleniumhq\selenium\jetty-repacked\9.4.1.v20170120\jetty-repacked-9.4.1.v20170120.jar;C:\Users\rama.chinthareddy\.m2\repository\org\yaml\snakeyaml\1.15\snakeyaml-1.15.jar;C:\Users\rama.chinthareddy\.m2\repository\com\thoughtworks\xstream\xstream\1.4.10\xstream-1.4.10.jar;C:\Users\rama.chinthareddy\.m2\repository\xmlpull\xmlpull\1.1.3.1\xmlpull-1.1.3.1.jar;C:\Users\rama.chinthareddy\.m2\repository\xpp3\xpp3_min\1.1.4c\xpp3_min-1.1.4c.jar;C:\Users\rama.chinthareddy\.m2\repository\org\sikuli\sikuli-api\1.2.0\sikuli-api-1.2.0.jar;C:\Users\rama.chinthareddy\.m2\repository\org\sikuli\sikuli-core\1.2.2\sikuli-core-1.2.2.jar;C:\Users\rama.chinthareddy\.m2\repository\org\bytedeco\javacpp\0.9\javacpp-0.9.jar;C:\Users\rama.chinthareddy\.m2\repository\org\bytedeco\javacpp-presets\opencv\2.4.9-0.9\opencv-2.4.9-0.9.jar;C:\Users\rama.chinthareddy\.m2\repository\org\piccolo2d\piccolo2d-extras\1.3.1\piccolo2d-extras-1.3.1.jar;C:\Users\rama.chinthareddy\.m2\repository\org\piccolo2d\piccolo2d-core\1.3.1\piccolo2d-core-1.3.1.jar;C:\Users\rama.chinthareddy\.m2\repository\ru\yandex\qatools\allure\allure-java-adaptor-api\1.4.0\allure-java-adaptor-api-1.4.0.jar;C:\Users\rama.chinthareddy\.m2\repository\com\sun\xml\bind\jaxb-impl\2.2.7\jaxb-impl-2.2.7.jar;C:\Users\rama.chinthareddy\.m2\repository\com\sun\xml\bind\jaxb-core\2.2.7\jaxb-core-2.2.7.jar;C:\Users\rama.chinthareddy\.m2\repository\javax\xml\bind\jaxb-api\2.2.7\jaxb-api-2.2.7.jar;C:\Users\rama.chinthareddy\.m2\repository\com\sun\istack\istack-commons-runtime\2.16\istack-commons-runtime-2.16.jar;C:\Users\rama.chinthareddy\.m2\repository\com\sun\xml\fastinfoset\FastInfoset\1.2.12\FastInfoset-1.2.12.jar;C:\Users\rama.chinthareddy\.m2\repository\javax\xml\bind\jsr173_api\1.0\jsr173_api-1.0.jar;C:\Users\rama.chinthareddy\.m2\repository\com\sikulix\sikulixapi\1.1.0\sikulixapi-1.1.0.jar;C:\Users\rama.chinthareddy\.m2\repository\commons-cli\commons-cli\1.2\commons-cli-1.2.jar;C:\Users\rama.chinthareddy\.m2\repository\com\melloware\jintellitype\1.3.7\jintellitype-1.3.7.jar;C:\Users\rama.chinthareddy\.m2\repository\jxgrabkey\jxgrabkey\1.0\jxgrabkey-1.0.jar;C:\Users\rama.chinthareddy\.m2\repository\org\swinglabs\swing-layout\1.0.3\swing-layout-1.0.3.jar;C:\Users\rama.chinthareddy\.m2\repository\com\nativelibs4java\bridj\0.6.2\bridj-0.6.2.jar;C:\Users\rama.chinthareddy\.m2\repository\com\sikulix\sikulixlibswin\1.1.0\sikulixlibswin-1.1.0.jar;C:\Users\rama.chinthareddy\.m2\repository\com\github\cafapi\decoder\decoder-js\1.12.0-232\decoder-js-1.12.0-232.jar;C:\Users\rama.chinthareddy\.m2\repository\com\fasterxml\jackson\core\jackson-databind\2.6.4\jackson-databind-2.6.4.jar;C:\Users\rama.chinthareddy\.m2\repository\com\fasterxml\jackson\core\jackson-annotations\2.6.0\jackson-annotations-2.6.0.jar;C:\Users\rama.chinthareddy\.m2\repository\com\fasterxml\jackson\core\jackson-core\2.6.4\jackson-core-2.6.4.jar;C:\Users\rama.chinthareddy\.m2\repository\ru\yandex\qatools\allure\allure-java-annotations\1.4.0\allure-java-annotations-1.4.0.jar;C:\Users\rama.chinthareddy\.m2\repository\ru\yandex\qatools\allure\allure-java-aspects\1.4.0\allure-java-aspects-1.4.0.jar;C:\Users\rama.chinthareddy\.m2\repository\ru\yandex\qatools\allure\allure-model\1.4.0\allure-model-1.4.0.jar;C:\Users\rama.chinthareddy\.m2\repository\log4j\log4j\1.2.17\log4j-1.2.17.jar;C:\Users\rama.chinthareddy\.m2\repository\org\freemarker\freemarker\2.3.25-incubating\freemarker-2.3.25-incubating.jar;C:\Users\rama.chinthareddy\.m2\repository\ru\yandex\qatools\allure\allure-testng-adaptor\1.4.0\allure-testng-adaptor-1.4.0.jar;C:\Users\rama.chinthareddy\.m2\repository\org\aspectj\aspectjrt\1.7.4\aspectjrt-1.7.4.jar;C:\Users\rama.chinthareddy\.m2\repository\org\jdom\jdom2\2.0.5\jdom2-2.0.5.jar;C:\Users\rama.chinthareddy\.m2\repository\org\aspectj\aspectjweaver\1.7.4\aspectjweaver-1.7.4.jar;C:\Users\rama.chinthareddy\.m2\repository\commons-beanutils\commons-beanutils-core\1.8.3\commons-beanutils-core-1.8.3.jar;C:\Users\rama.chinthareddy\.m2\repository\commons-configuration\commons-configuration\1.10\commons-configuration-1.10.jar;C:\Users\rama.chinthareddy\.m2\repository\commons-io\commons-io\2.5\commons-io-2.5.jar;C:\Users\rama.chinthareddy\.m2\repository\commons-lang\commons-lang\2.6\commons-lang-2.6.jar;C:\Users\rama.chinthareddy\.m2\repository\org\springframework\spring-beans\4.3.0.RELEASE\spring-beans-4.3.0.RELEASE.jar;C:\Users\rama.chinthareddy\.m2\repository\org\springframework\spring-context\4.3.0.RELEASE\spring-context-4.3.0.RELEASE.jar;C:\Users\rama.chinthareddy\.m2\repository\org\springframework\spring-aop\4.3.0.RELEASE\spring-aop-4.3.0.RELEASE.jar;C:\Users\rama.chinthareddy\.m2\repository\org\springframework\spring-context-support\4.3.0.RELEASE\spring-context-support-4.3.0.RELEASE.jar;C:\Users\rama.chinthareddy\.m2\repository\org\springframework\spring-core\4.3.0.RELEASE\spring-core-4.3.0.RELEASE.jar;C:\Users\rama.chinthareddy\.m2\repository\org\springframework\spring-expression\4.3.0.RELEASE\spring-expression-4.3.0.RELEASE.jar;C:\Users\rama.chinthareddy\.m2\repository\commons-validator\commons-validator\1.6\commons-validator-1.6.jar;C:\Users\rama.chinthareddy\.m2\repository\commons-beanutils\commons-beanutils\1.9.2\commons-beanutils-1.9.2.jar;C:\Users\rama.chinthareddy\.m2\repository\commons-digester\commons-digester\1.8.1\commons-digester-1.8.1.jar;C:\Users\rama.chinthareddy\.m2\repository\commons-collections\commons-collections\3.2.2\commons-collections-3.2.2.jar;C:\Users\rama.chinthareddy\.m2\repository\dom4j\dom4j\1.6.1\dom4j-1.6.1.jar;C:\Users\rama.chinthareddy\.m2\repository\com\google\inject\guice\4.1.0\guice-4.1.0.jar;C:\Users\rama.chinthareddy\.m2\repository\javax\inject\javax.inject\1\javax.inject-1.jar;C:\Users\rama.chinthareddy\.m2\repository\aopalliance\aopalliance\1.0\aopalliance-1.0.jar;C:\Users\rama.chinthareddy\.m2\repository\com\github\jai-imageio\jai-imageio-core\1.3.1\jai-imageio-core-1.3.1.jar;C:\Users\rama.chinthareddy\.m2\repository\net\java\dev\jna\jna\4.4.0\jna-4.4.0.jar;C:\Users\rama.chinthareddy\.m2\repository\org\slf4j\slf4j-api\1.6.1\slf4j-api-1.6.1.jar;C:\Users\rama.chinthareddy\.m2\repository\net\sourceforge\lept4j\lept4j\1.3.1\lept4j-1.3.1.jar;C:\Users\rama.chinthareddy\.m2\repository\com\github\stephenc\monte\monte-screen-recorder\0.7.7.0\monte-screen-recorder-0.7.7.0.jar;C:\Users\rama.chinthareddy\.m2\repository\org\apache\poi\poi\3.16\poi-3.16.jar;C:\Users\rama.chinthareddy\.m2\repository\org\apache\commons\commons-collections4\4.1\commons-collections4-4.1.jar;C:\Users\rama.chinthareddy\.m2\repository\org\apache\poi\ooxml-schemas\1.3\ooxml-schemas-1.3.jar;C:\Users\rama.chinthareddy\.m2\repository\ru\yandex\qatools\properties\properties-loader\1.5\properties-loader-1.5.jar;C:\Users\rama.chinthareddy\.m2\repository\org\apache\tika\tika-core\1.16\tika-core-1.16.jar;C:\Users\rama.chinthareddy\.m2\repository\velocity\velocity-dep\1.4\velocity-dep-1.4.jar;C:\Users\rama.chinthareddy\.m2\repository\org\apache\velocity\velocity\1.7\velocity-1.7.jar;C:\Users\rama.chinthareddy\.m2\repository\org\jvnet\jaxb2_commons\jaxb2-commons-lang\2.3\jaxb2-commons-lang-2.3.jar;C:\Users\rama.chinthareddy\.m2\repository\org\jvnet\jaxb2_commons\jaxb2-basics-runtime\1.11.1\jaxb2-basics-runtime-1.11.1.jar;C:\Users\rama.chinthareddy\.m2\repository\org\apache\xmlbeans\xmlbeans\2.6.0\xmlbeans-2.6.0.jar;C:\Users\rama.chinthareddy\.m2\repository\stax\stax-api\1.0.1\stax-api-1.0.1.jar;C:\Users\rama.chinthareddy\.m2\repository\ant-contrib\ant-contrib\1.0b3\ant-contrib-1.0b3.jar;C:\Users\rama.chinthareddy\.m2\repository\ant\ant\1.5\ant-1.5.jar;C:\Users\rama.chinthareddy\.m2\repository\com\sun\mail\javax.mail\1.4.7\javax.mail-1.4.7.jar;C:\Users\rama.chinthareddy\.m2\repository\javax\activation\activation\1.1\activation-1.1.jar;C:\Users\rama.chinthareddy\.m2\repository\org\apache\poi\poi-ooxml\3.9\poi-ooxml-3.9.jar;C:\Users\rama.chinthareddy\.m2\repository\org\apache\poi\poi-ooxml-schemas\3.9\poi-ooxml-schemas-3.9.jar;C:\Users\rama.chinthareddy\.m2\repository\org\apache\pdfbox\fontbox\1.8.8\fontbox-1.8.8.jar;C:\Users\rama.chinthareddy\.m2\repository\org\apache\pdfbox\pdfbox\1.8.8\pdfbox-1.8.8.jar;C:\Users\rama.chinthareddy\.m2\repository\org\apache\pdfbox\jempbox\1.8.8\jempbox-1.8.8.jar;C:\Users\rama.chinthareddy\.m2\repository\com\googlecode\json-simple\json-simple\1.1\json-simple-1.1.jar;C:\Users\rama.chinthareddy\.m2\repository\org\seleniumhq\selenium\selenium-remote-driver\3.4.0\selenium-remote-driver-3.4.0.jar;C:\Users\rama.chinthareddy\.m2\repository\org\jsoup\jsoup\1.10.3\jsoup-1.10.3.jar;C:\Users\rama.chinthareddy\.m2\repository\org\json\json\20160810\json-20160810.jar;C:\Users\rama.chinthareddy\.m2\repository\commons-logging\commons-logging\1.1.1\commons-logging-1.1.1.jar;C:\Users\rama.chinthareddy\.m2\repository\ZenQJars\ZfjCloudRestClient\1.2\ZfjCloudRestClient-1.2.jar;C:\Users\rama.chinthareddy\.m2\repository\ZenQJars\SetupHub\1.0\SetupHub-1.0.jar;C:\Users\rama.chinthareddy\.m2\repository\io\github\bonigarcia\webdrivermanager\3.0.0\webdrivermanager-3.0.0.jar;C:\Users\rama.chinthareddy\.m2\repository\org\rauschig\jarchivelib\0.8.0\jarchivelib-0.8.0.jar;C:\Users\rama.chinthareddy\.m2\repository\org\apache\commons\commons-compress\1.14\commons-compress-1.14.jar;C:\Users\rama.chinthareddy\.m2\repository\org\apache\maven\surefire\surefire-testng-utils\2.22.0\surefire-testng-utils-2.22.0.jar;C:\Users\rama.chinthareddy\.m2\repository\org\apache\maven\surefire\surefire-grouper\2.22.0\surefire-grouper-2.22.0.jar;"/>
    <property name="java.vm.vendor" value="Oracle Corporation"/>
    <property name="sun.arch.data.model" value="64"/>
    <property name="user.variant" value=""/>
    <property name="java.vendor.url" value="http://java.oracle.com/"/>
    <property name="user.timezone" value="Asia/Calcutta"/>
    <property name="java.vm.specification.version" value="9"/>
    <property name="os.name" value="Windows 10"/>
    <property name="sun.java.launcher" value="SUN_STANDARD"/>
    <property name="user.country" value="IN"/>
    <property name="sun.boot.library.path" value="C:\Program Files\Java\jdk-9.0.4\bin"/>
    <property name="sun.java.command" value="C:\Users\RAMA~1.CHI\AppData\Local\Temp\surefire15895113692622101673\surefirebooter9141686167849540118.jar C:\Users\rama.chinthareddy\AppData\Local\Temp\surefire15895113692622101673 2021-05-10T20-02-53_763-jvmRun1 surefire5114051813098420991tmp surefire_01428520440354341040tmp"/>
    <property name="jdk.debug" value="release"/>
    <property name="surefire.test.class.path" value="C:\Users\rama.chinthareddy\test\Rama\GermainApm\target\test-classes;C:\Users\rama.chinthareddy\test\Rama\GermainApm\target\classes;C:\Users\rama.chinthareddy\.m2\repository\com\jcraft\jsch\0.1.54\jsch-0.1.54.jar;C:\Users\rama.chinthareddy\.m2\repository\com\mashape\unirest\unirest-java\1.4.9\unirest-java-1.4.9.jar;C:\Users\rama.chinthareddy\.m2\repository\org\apache\httpcomponents\httpclient\4.5.2\httpclient-4.5.2.jar;C:\Users\rama.chinthareddy\.m2\repository\org\apache\httpcomponents\httpasyncclient\4.1.1\httpasyncclient-4.1.1.jar;C:\Users\rama.chinthareddy\.m2\repository\org\apache\httpcomponents\httpcore-nio\4.4.4\httpcore-nio-4.4.4.jar;C:\Users\rama.chinthareddy\.m2\repository\org\apache\httpcomponents\httpmime\4.5.2\httpmime-4.5.2.jar;C:\Users\rama.chinthareddy\.m2\repository\Selenium\standalone\3.4.0\standalone-3.4.0.jar;C:\Users\rama.chinthareddy\.m2\repository\org\seleniumhq\selenium\selenium-support\3.4.0\selenium-support-3.4.0.jar;C:\Users\rama.chinthareddy\.m2\repository\org\seleniumhq\selenium\selenium-api\3.4.0\selenium-api-3.4.0.jar;C:\Users\rama.chinthareddy\.m2\repository\cglib\cglib-nodep\3.2.4\cglib-nodep-3.2.4.jar;C:\Users\rama.chinthareddy\.m2\repository\org\apache\commons\commons-exec\1.3\commons-exec-1.3.jar;C:\Users\rama.chinthareddy\.m2\repository\commons-codec\commons-codec\1.10\commons-codec-1.10.jar;C:\Users\rama.chinthareddy\.m2\repository\com\google\code\gson\gson\2.8.0\gson-2.8.0.jar;C:\Users\rama.chinthareddy\.m2\repository\com\google\guava\guava\21.0\guava-21.0.jar;C:\Users\rama.chinthareddy\.m2\repository\org\hamcrest\hamcrest-core\1.3\hamcrest-core-1.3.jar;C:\Users\rama.chinthareddy\.m2\repository\org\apache\httpcomponents\httpcore\4.4.6\httpcore-4.4.6.jar;C:\Users\rama.chinthareddy\.m2\repository\net\java\dev\jna\jna-platform\4.1.0\jna-platform-4.1.0.jar;C:\Users\rama.chinthareddy\.m2\repository\junit\junit\4.12\junit-4.12.jar;C:\Users\rama.chinthareddy\.m2\repository\io\appium\java-client\3.2.0\java-client-3.2.0.jar;C:\Users\rama.chinthareddy\.m2\repository\cglib\cglib\3.1\cglib-3.1.jar;C:\Users\rama.chinthareddy\.m2\repository\org\ow2\asm\asm\4.2\asm-4.2.jar;C:\Users\rama.chinthareddy\.m2\repository\ZenQJars\decoder\1.0\decoder-1.0.jar;C:\Users\rama.chinthareddy\.m2\repository\ZenQJars\robotil\1.10\robotil-1.10.jar;C:\Users\rama.chinthareddy\.m2\repository\ZenQJars\xeger\1.0\xeger-1.0.jar;C:\Users\rama.chinthareddy\.m2\repository\ZenQJars\reportNg\1.1.4\reportNg-1.1.4.jar;C:\Users\rama.chinthareddy\.m2\repository\ZenQJars\fillo\1.6\fillo-1.6.jar;C:\Users\rama.chinthareddy\.m2\repository\ZenQJars\log4j\1.2.17\log4j-1.2.17.jar;C:\Users\rama.chinthareddy\.m2\repository\org\testng\testng\6.10\testng-6.10.jar;C:\Users\rama.chinthareddy\.m2\repository\com\beust\jcommander\1.48\jcommander-1.48.jar;C:\Users\rama.chinthareddy\.m2\repository\org\seleniumhq\selenium\selenium-java\3.4.0\selenium-java-3.4.0.jar;C:\Users\rama.chinthareddy\.m2\repository\org\seleniumhq\selenium\selenium-chrome-driver\3.4.0\selenium-chrome-driver-3.4.0.jar;C:\Users\rama.chinthareddy\.m2\repository\org\seleniumhq\selenium\selenium-edge-driver\3.4.0\selenium-edge-driver-3.4.0.jar;C:\Users\rama.chinthareddy\.m2\repository\org\seleniumhq\selenium\selenium-firefox-driver\3.4.0\selenium-firefox-driver-3.4.0.jar;C:\Users\rama.chinthareddy\.m2\repository\org\seleniumhq\selenium\selenium-ie-driver\3.4.0\selenium-ie-driver-3.4.0.jar;C:\Users\rama.chinthareddy\.m2\repository\org\seleniumhq\selenium\selenium-opera-driver\3.4.0\selenium-opera-driver-3.4.0.jar;C:\Users\rama.chinthareddy\.m2\repository\org\seleniumhq\selenium\selenium-safari-driver\3.4.0\selenium-safari-driver-3.4.0.jar;C:\Users\rama.chinthareddy\.m2\repository\org\apache\commons\commons-lang3\3.5\commons-lang3-3.5.jar;C:\Users\rama.chinthareddy\.m2\repository\org\w3c\css\sac\1.3\sac-1.3.jar;C:\Users\rama.chinthareddy\.m2\repository\net\sourceforge\cssparser\cssparser\0.9.22\cssparser-0.9.22.jar;C:\Users\rama.chinthareddy\.m2\repository\net\sourceforge\htmlunit\htmlunit\2.26\htmlunit-2.26.jar;C:\Users\rama.chinthareddy\.m2\repository\net\sourceforge\htmlunit\htmlunit-core-js\2.26\htmlunit-core-js-2.26.jar;C:\Users\rama.chinthareddy\.m2\repository\net\sourceforge\htmlunit\neko-htmlunit\2.25\neko-htmlunit-2.25.jar;C:\Users\rama.chinthareddy\.m2\repository\org\eclipse\jetty\jetty-io\9.4.1.v20170120\jetty-io-9.4.1.v20170120.jar;C:\Users\rama.chinthareddy\.m2\repository\org\eclipse\jetty\jetty-util\9.4.1.v20170120\jetty-util-9.4.1.v20170120.jar;C:\Users\rama.chinthareddy\.m2\repository\com\codeborne\phantomjsdriver\1.4.0\phantomjsdriver-1.4.0.jar;C:\Users\rama.chinthareddy\.m2\repository\org\seleniumhq\selenium\htmlunit-driver\2.26\htmlunit-driver-2.26.jar;C:\Users\rama.chinthareddy\.m2\repository\javax\servlet\javax.servlet-api\3.1.0\javax.servlet-api-3.1.0.jar;C:\Users\rama.chinthareddy\.m2\repository\org\eclipse\jetty\websocket\websocket-api\9.4.3.v20170317\websocket-api-9.4.3.v20170317.jar;C:\Users\rama.chinthareddy\.m2\repository\org\eclipse\jetty\websocket\websocket-client\9.4.3.v20170317\websocket-client-9.4.3.v20170317.jar;C:\Users\rama.chinthareddy\.m2\repository\org\eclipse\jetty\jetty-client\9.4.3.v20170317\jetty-client-9.4.3.v20170317.jar;C:\Users\rama.chinthareddy\.m2\repository\org\eclipse\jetty\jetty-http\9.4.3.v20170317\jetty-http-9.4.3.v20170317.jar;C:\Users\rama.chinthareddy\.m2\repository\org\eclipse\jetty\websocket\websocket-common\9.4.3.v20170317\websocket-common-9.4.3.v20170317.jar;C:\Users\rama.chinthareddy\.m2\repository\xalan\serializer\2.7.2\serializer-2.7.2.jar;C:\Users\rama.chinthareddy\.m2\repository\xalan\xalan\2.7.2\xalan-2.7.2.jar;C:\Users\rama.chinthareddy\.m2\repository\xerces\xercesImpl\2.11.0\xercesImpl-2.11.0.jar;C:\Users\rama.chinthareddy\.m2\repository\xml-apis\xml-apis\1.4.01\xml-apis-1.4.01.jar;C:\Users\rama.chinthareddy\.m2\repository\org\seleniumhq\selenium\selenium-server\3.4.0\selenium-server-3.4.0.jar;C:\Users\rama.chinthareddy\.m2\repository\net\jcip\jcip-annotations\1.0\jcip-annotations-1.0.jar;C:\Users\rama.chinthareddy\.m2\repository\org\seleniumhq\selenium\jetty-repacked\9.4.1.v20170120\jetty-repacked-9.4.1.v20170120.jar;C:\Users\rama.chinthareddy\.m2\repository\org\yaml\snakeyaml\1.15\snakeyaml-1.15.jar;C:\Users\rama.chinthareddy\.m2\repository\com\thoughtworks\xstream\xstream\1.4.10\xstream-1.4.10.jar;C:\Users\rama.chinthareddy\.m2\repository\xmlpull\xmlpull\1.1.3.1\xmlpull-1.1.3.1.jar;C:\Users\rama.chinthareddy\.m2\repository\xpp3\xpp3_min\1.1.4c\xpp3_min-1.1.4c.jar;C:\Users\rama.chinthareddy\.m2\repository\org\sikuli\sikuli-api\1.2.0\sikuli-api-1.2.0.jar;C:\Users\rama.chinthareddy\.m2\repository\org\sikuli\sikuli-core\1.2.2\sikuli-core-1.2.2.jar;C:\Users\rama.chinthareddy\.m2\repository\org\bytedeco\javacpp\0.9\javacpp-0.9.jar;C:\Users\rama.chinthareddy\.m2\repository\org\bytedeco\javacpp-presets\opencv\2.4.9-0.9\opencv-2.4.9-0.9.jar;C:\Users\rama.chinthareddy\.m2\repository\org\piccolo2d\piccolo2d-extras\1.3.1\piccolo2d-extras-1.3.1.jar;C:\Users\rama.chinthareddy\.m2\repository\org\piccolo2d\piccolo2d-core\1.3.1\piccolo2d-core-1.3.1.jar;C:\Users\rama.chinthareddy\.m2\repository\ru\yandex\qatools\allure\allure-java-adaptor-api\1.4.0\allure-java-adaptor-api-1.4.0.jar;C:\Users\rama.chinthareddy\.m2\repository\com\sun\xml\bind\jaxb-impl\2.2.7\jaxb-impl-2.2.7.jar;C:\Users\rama.chinthareddy\.m2\repository\com\sun\xml\bind\jaxb-core\2.2.7\jaxb-core-2.2.7.jar;C:\Users\rama.chinthareddy\.m2\repository\javax\xml\bind\jaxb-api\2.2.7\jaxb-api-2.2.7.jar;C:\Users\rama.chinthareddy\.m2\repository\com\sun\istack\istack-commons-runtime\2.16\istack-commons-runtime-2.16.jar;C:\Users\rama.chinthareddy\.m2\repository\com\sun\xml\fastinfoset\FastInfoset\1.2.12\FastInfoset-1.2.12.jar;C:\Users\rama.chinthareddy\.m2\repository\javax\xml\bind\jsr173_api\1.0\jsr173_api-1.0.jar;C:\Users\rama.chinthareddy\.m2\repository\com\sikulix\sikulixapi\1.1.0\sikulixapi-1.1.0.jar;C:\Users\rama.chinthareddy\.m2\repository\commons-cli\commons-cli\1.2\commons-cli-1.2.jar;C:\Users\rama.chinthareddy\.m2\repository\com\melloware\jintellitype\1.3.7\jintellitype-1.3.7.jar;C:\Users\rama.chinthareddy\.m2\repository\jxgrabkey\jxgrabkey\1.0\jxgrabkey-1.0.jar;C:\Users\rama.chinthareddy\.m2\repository\org\swinglabs\swing-layout\1.0.3\swing-layout-1.0.3.jar;C:\Users\rama.chinthareddy\.m2\repository\com\nativelibs4java\bridj\0.6.2\bridj-0.6.2.jar;C:\Users\rama.chinthareddy\.m2\repository\com\sikulix\sikulixlibswin\1.1.0\sikulixlibswin-1.1.0.jar;C:\Users\rama.chinthareddy\.m2\repository\com\github\cafapi\decoder\decoder-js\1.12.0-232\decoder-js-1.12.0-232.jar;C:\Users\rama.chinthareddy\.m2\repository\com\fasterxml\jackson\core\jackson-databind\2.6.4\jackson-databind-2.6.4.jar;C:\Users\rama.chinthareddy\.m2\repository\com\fasterxml\jackson\core\jackson-annotations\2.6.0\jackson-annotations-2.6.0.jar;C:\Users\rama.chinthareddy\.m2\repository\com\fasterxml\jackson\core\jackson-core\2.6.4\jackson-core-2.6.4.jar;C:\Users\rama.chinthareddy\.m2\repository\ru\yandex\qatools\allure\allure-java-annotations\1.4.0\allure-java-annotations-1.4.0.jar;C:\Users\rama.chinthareddy\.m2\repository\ru\yandex\qatools\allure\allure-java-aspects\1.4.0\allure-java-aspects-1.4.0.jar;C:\Users\rama.chinthareddy\.m2\repository\ru\yandex\qatools\allure\allure-model\1.4.0\allure-model-1.4.0.jar;C:\Users\rama.chinthareddy\.m2\repository\log4j\log4j\1.2.17\log4j-1.2.17.jar;C:\Users\rama.chinthareddy\.m2\repository\org\freemarker\freemarker\2.3.25-incubating\freemarker-2.3.25-incubating.jar;C:\Users\rama.chinthareddy\.m2\repository\ru\yandex\qatools\allure\allure-testng-adaptor\1.4.0\allure-testng-adaptor-1.4.0.jar;C:\Users\rama.chinthareddy\.m2\repository\org\aspectj\aspectjrt\1.7.4\aspectjrt-1.7.4.jar;C:\Users\rama.chinthareddy\.m2\repository\org\jdom\jdom2\2.0.5\jdom2-2.0.5.jar;C:\Users\rama.chinthareddy\.m2\repository\org\aspectj\aspectjweaver\1.7.4\aspectjweaver-1.7.4.jar;C:\Users\rama.chinthareddy\.m2\repository\commons-beanutils\commons-beanutils-core\1.8.3\commons-beanutils-core-1.8.3.jar;C:\Users\rama.chinthareddy\.m2\repository\commons-configuration\commons-configuration\1.10\commons-configuration-1.10.jar;C:\Users\rama.chinthareddy\.m2\repository\commons-io\commons-io\2.5\commons-io-2.5.jar;C:\Users\rama.chinthareddy\.m2\repository\commons-lang\commons-lang\2.6\commons-lang-2.6.jar;C:\Users\rama.chinthareddy\.m2\repository\org\springframework\spring-beans\4.3.0.RELEASE\spring-beans-4.3.0.RELEASE.jar;C:\Users\rama.chinthareddy\.m2\repository\org\springframework\spring-context\4.3.0.RELEASE\spring-context-4.3.0.RELEASE.jar;C:\Users\rama.chinthareddy\.m2\repository\org\springframework\spring-aop\4.3.0.RELEASE\spring-aop-4.3.0.RELEASE.jar;C:\Users\rama.chinthareddy\.m2\repository\org\springframework\spring-context-support\4.3.0.RELEASE\spring-context-support-4.3.0.RELEASE.jar;C:\Users\rama.chinthareddy\.m2\repository\org\springframework\spring-core\4.3.0.RELEASE\spring-core-4.3.0.RELEASE.jar;C:\Users\rama.chinthareddy\.m2\repository\org\springframework\spring-expression\4.3.0.RELEASE\spring-expression-4.3.0.RELEASE.jar;C:\Users\rama.chinthareddy\.m2\repository\commons-validator\commons-validator\1.6\commons-validator-1.6.jar;C:\Users\rama.chinthareddy\.m2\repository\commons-beanutils\commons-beanutils\1.9.2\commons-beanutils-1.9.2.jar;C:\Users\rama.chinthareddy\.m2\repository\commons-digester\commons-digester\1.8.1\commons-digester-1.8.1.jar;C:\Users\rama.chinthareddy\.m2\repository\commons-collections\commons-collections\3.2.2\commons-collections-3.2.2.jar;C:\Users\rama.chinthareddy\.m2\repository\dom4j\dom4j\1.6.1\dom4j-1.6.1.jar;C:\Users\rama.chinthareddy\.m2\repository\com\google\inject\guice\4.1.0\guice-4.1.0.jar;C:\Users\rama.chinthareddy\.m2\repository\javax\inject\javax.inject\1\javax.inject-1.jar;C:\Users\rama.chinthareddy\.m2\repository\aopalliance\aopalliance\1.0\aopalliance-1.0.jar;C:\Users\rama.chinthareddy\.m2\repository\com\github\jai-imageio\jai-imageio-core\1.3.1\jai-imageio-core-1.3.1.jar;C:\Users\rama.chinthareddy\.m2\repository\net\java\dev\jna\jna\4.4.0\jna-4.4.0.jar;C:\Users\rama.chinthareddy\.m2\repository\org\slf4j\slf4j-api\1.6.1\slf4j-api-1.6.1.jar;C:\Users\rama.chinthareddy\.m2\repository\net\sourceforge\lept4j\lept4j\1.3.1\lept4j-1.3.1.jar;C:\Users\rama.chinthareddy\.m2\repository\com\github\stephenc\monte\monte-screen-recorder\0.7.7.0\monte-screen-recorder-0.7.7.0.jar;C:\Users\rama.chinthareddy\.m2\repository\org\apache\poi\poi\3.16\poi-3.16.jar;C:\Users\rama.chinthareddy\.m2\repository\org\apache\commons\commons-collections4\4.1\commons-collections4-4.1.jar;C:\Users\rama.chinthareddy\.m2\repository\org\apache\poi\ooxml-schemas\1.3\ooxml-schemas-1.3.jar;C:\Users\rama.chinthareddy\.m2\repository\ru\yandex\qatools\properties\properties-loader\1.5\properties-loader-1.5.jar;C:\Users\rama.chinthareddy\.m2\repository\org\apache\tika\tika-core\1.16\tika-core-1.16.jar;C:\Users\rama.chinthareddy\.m2\repository\velocity\velocity-dep\1.4\velocity-dep-1.4.jar;C:\Users\rama.chinthareddy\.m2\repository\org\apache\velocity\velocity\1.7\velocity-1.7.jar;C:\Users\rama.chinthareddy\.m2\repository\org\jvnet\jaxb2_commons\jaxb2-commons-lang\2.3\jaxb2-commons-lang-2.3.jar;C:\Users\rama.chinthareddy\.m2\repository\org\jvnet\jaxb2_commons\jaxb2-basics-runtime\1.11.1\jaxb2-basics-runtime-1.11.1.jar;C:\Users\rama.chinthareddy\.m2\repository\org\apache\xmlbeans\xmlbeans\2.6.0\xmlbeans-2.6.0.jar;C:\Users\rama.chinthareddy\.m2\repository\stax\stax-api\1.0.1\stax-api-1.0.1.jar;C:\Users\rama.chinthareddy\.m2\repository\ant-contrib\ant-contrib\1.0b3\ant-contrib-1.0b3.jar;C:\Users\rama.chinthareddy\.m2\repository\ant\ant\1.5\ant-1.5.jar;C:\Users\rama.chinthareddy\.m2\repository\com\sun\mail\javax.mail\1.4.7\javax.mail-1.4.7.jar;C:\Users\rama.chinthareddy\.m2\repository\javax\activation\activation\1.1\activation-1.1.jar;C:\Users\rama.chinthareddy\.m2\repository\org\apache\poi\poi-ooxml\3.9\poi-ooxml-3.9.jar;C:\Users\rama.chinthareddy\.m2\repository\org\apache\poi\poi-ooxml-schemas\3.9\poi-ooxml-schemas-3.9.jar;C:\Users\rama.chinthareddy\.m2\repository\org\apache\pdfbox\fontbox\1.8.8\fontbox-1.8.8.jar;C:\Users\rama.chinthareddy\.m2\repository\org\apache\pdfbox\pdfbox\1.8.8\pdfbox-1.8.8.jar;C:\Users\rama.chinthareddy\.m2\repository\org\apache\pdfbox\jempbox\1.8.8\jempbox-1.8.8.jar;C:\Users\rama.chinthareddy\.m2\repository\com\googlecode\json-simple\json-simple\1.1\json-simple-1.1.jar;C:\Users\rama.chinthareddy\.m2\repository\org\seleniumhq\selenium\selenium-remote-driver\3.4.0\selenium-remote-driver-3.4.0.jar;C:\Users\rama.chinthareddy\.m2\repository\org\jsoup\jsoup\1.10.3\jsoup-1.10.3.jar;C:\Users\rama.chinthareddy\.m2\repository\org\json\json\20160810\json-20160810.jar;C:\Users\rama.chinthareddy\.m2\repository\commons-logging\commons-logging\1.1.1\commons-logging-1.1.1.jar;C:\Users\rama.chinthareddy\.m2\repository\ZenQJars\ZfjCloudRestClient\1.2\ZfjCloudRestClient-1.2.jar;C:\Users\rama.chinthareddy\.m2\repository\ZenQJars\SetupHub\1.0\SetupHub-1.0.jar;C:\Users\rama.chinthareddy\.m2\repository\io\github\bonigarcia\webdrivermanager\3.0.0\webdrivermanager-3.0.0.jar;C:\Users\rama.chinthareddy\.m2\repository\org\rauschig\jarchivelib\0.8.0\jarchivelib-0.8.0.jar;C:\Users\rama.chinthareddy\.m2\repository\org\apache\commons\commons-compress\1.14\commons-compress-1.14.jar;C:\Users\rama.chinthareddy\.m2\repository\org\apache\maven\surefire\surefire-testng-utils\2.22.0\surefire-testng-utils-2.22.0.jar;C:\Users\rama.chinthareddy\.m2\repository\org\apache\maven\surefire\surefire-grouper\2.22.0\surefire-grouper-2.22.0.jar;"/>
    <property name="sun.cpu.endian" value="little"/>
    <property name="user.home" value="C:\Users\rama.chinthareddy"/>
    <property name="user.language" value="en"/>
    <property name="java.specification.vendor" value="Oracle Corporation"/>
    <property name="java.home" value="C:\Program Files\Java\jdk-9.0.4"/>
    <property name="file.separator" value="\"/>
    <property name="basedir" value="C:\Users\rama.chinthareddy\test\Rama\GermainApm"/>
    <property name="java.vm.compressedOopsMode" value="32-bit"/>
    <property name="line.separator" value="&#10;"/>
    <property name="java.vm.specification.vendor" value="Oracle Corporation"/>
    <property name="java.specification.name" value="Java Platform API Specification"/>
    <property name="java.awt.graphicsenv" value="sun.awt.Win32GraphicsEnvironment"/>
    <property name="surefire.real.class.path" value="C:\Users\RAMA~1.CHI\AppData\Local\Temp\surefire15895113692622101673\surefirebooter9141686167849540118.jar"/>
    <property name="user.script" value=""/>
    <property name="sun.management.compiler" value="HotSpot 64-Bit Tiered Compilers"/>
    <property name="java.runtime.version" value="9.0.4+11"/>
    <property name="user.name" value="rama.chinthareddy"/>
    <property name="path.separator" value=";"/>
    <property name="os.version" value="10.0"/>
    <property name="java.runtime.name" value="Java(TM) SE Runtime Environment"/>
    <property name="file.encoding" value="Cp1252"/>
    <property name="java.vm.name" value="Java HotSpot(TM) 64-Bit Server VM"/>
    <property name="localRepository" value="C:\Users\rama.chinthareddy\.m2\repository"/>
    <property name="java.vendor.url.bug" value="http://bugreport.java.com/bugreport/"/>
    <property name="java.io.tmpdir" value="C:\Users\RAMA~1.CHI\AppData\Local\Temp\"/>
    <property name="idea.version" value="2021.1.1"/>
    <property name="java.version" value="9.0.4"/>
    <property name="user.dir" value="C:\Users\rama.chinthareddy\test\Rama\GermainApm"/>
    <property name="os.arch" value="amd64"/>
    <property name="java.vm.specification.name" value="Java Virtual Machine Specification"/>
    <property name="java.awt.printerjob" value="sun.awt.windows.WPrinterJob"/>
    <property name="sun.os.patch.level" value=""/>
    <property name="java.library.path" value="C:\Program Files\Java\jdk-9.0.4\bin;C:\Windows\Sun\Java\bin;C:\Windows\system32;C:\Windows;C:\ProgramData\Oracle\Java\javapath;C:\Windows\system32;C:\Windows;C:\Windows\System32\Wbem;C:\Windows\System32\WindowsPowerShell\v1.0\;C:\Windows\System32\OpenSSH\;C:\Program Files\Java\jdk-9.0.4\bin;C:\Softwares\apache-maven-3.8.1-bin\apache-maven-3.8.1\bin;C:\Program Files\nodejs\;C:\Program Files\dotnet\;C:\Program Files\Microsoft SQL Server\130\Tools\Binn\;C:\Program Files\Microsoft SQL Server\Client SDK\ODBC\170\Tools\Binn\;C:\Users\rama.chinthareddy\AppData\Local\Microsoft\WindowsApps;C:\Users\rama.chinthareddy\AppData\Roaming\npm;C:\Users\rama.chinthareddy\AppData\Local\GitHubDesktop\bin;C:\Users\rama.chinthareddy\AppData\Local\Programs\Git\cmd;."/>
    <property name="java.vm.info" value="mixed mode"/>
    <property name="java.vendor" value="Oracle Corporation"/>
    <property name="java.vm.version" value="9.0.4+11"/>
    <property name="sun.io.unicode.encoding" value="UnicodeLittle"/>
    <property name="java.class.version" value="53.0"/>
  </properties>
  <testcase name="tc027_CreatingDashboard" classname="com.testsuite.DashBoards.DashboardCreation" time="33.109"/>
</testsuite>