<?xml version="1.0" encoding="UTF-8"?>
<!-- Generated by org.testng.reporters.JUnitReportReporter -->
<testsuite ignored="0" hostname="RLT297" failures="0" tests="1" name="com.testsuite.DashBoards.DashboardCreation" time="40.228" errors="0" timestamp="10 May 2021 14:33:49 GMT" skipped="0">
  <testcase classname="com.testsuite.DashBoards.DashboardCreation" name="tc027_CreatingDashboard" time="40.228"/>
</testsuite> <!-- com.testsuite.DashBoards.DashboardCreation -->
